[2026-04-09T22:24:24Z] === ENRICH ITERATION 2 START | repo=pytorch/vision sha=336d36e8 ===
[2026-04-09T22:24:24Z] [iter=2] PHASE START: enrich repo=pytorch/vision sha=336d36e8 runlog=/home/runner/work/forx/forx/storage/aggregate/lsp/logs/336d36e8-enrich-iter-002.log output=/home/runner/work/forx/forx/storage/aggregate/lsp/336d36e8db990a905498c73933e35231876e28bc.nq.gz
[2026-04-09T22:24:24Z] [iter=2] Step 1: Loading AST into disk-backed store mem_mb=77 MB
[2026-04-09T22:25:05Z] [iter=2] AST store loaded triples=4578741 load_secs=40 mem_mb=1013 MB
[2026-04-09T22:25:05Z] [iter=2] Step 2: Finding LSP targets mem_mb=1013 MB
[2026-04-09T22:25:17Z] [iter=2] LSP targets found call_sites=34542 imports=1971 extends=366 implements=0 secs=11
[2026-04-09T22:25:20Z] [iter=2] Loaded checkpoint partial graph triples=91222
[2026-04-09T22:25:30Z] [iter=2] Step 2.7: Building position index (one-shot, shared across resolvers) mem_mb=1013 MB
[2026-04-09T22:26:01Z] [iter=2] Position index built positions=307314 nodes_with_types=393395 secs=31 mem_mb=1208 MB
[2026-04-09T22:26:01Z] [iter=2] Step 3: Starting LSP resolution mem_mb=1208 MB already_completed_types=[] already_completed_files=93
[2026-04-09T22:26:01Z] [iter=2] Resolving target type target_type=call_site count=34542
[2026-04-09T22:26:05Z] [iter=2] HEARTBEAT target_type=call_site elapsed_min=1.7 files_done=0 resolved=0 errors=0 current=references/classification/train.py
[2026-04-09T22:30:37Z] [iter=2] HEARTBEAT target_type=call_site elapsed_min=6.2 files_done=1 resolved=12 errors=151 current=references/depth/stereo/utils/logger.py
[2026-04-09T22:31:22Z] [iter=2] HEARTBEAT target_type=call_site elapsed_min=7.0 files_done=2 resolved=58 errors=176 current=torchvision/models/mnasnet.py
[2026-04-09T22:32:42Z] [iter=2] HEARTBEAT target_type=call_site elapsed_min=8.3 files_done=3 resolved=122 errors=221 current=references/segmentation/train.py
[2026-04-09T22:35:46Z] [iter=2] HEARTBEAT target_type=call_site elapsed_min=11.4 files_done=4 resolved=165 errors=324 current=torchvision/transforms/autoaugment.py
[2026-04-09T22:37:21Z] [iter=2] HEARTBEAT target_type=call_site elapsed_min=13.0 files_done=5 resolved=308 errors=374 current=references/segmentation/utils.py
[2026-04-09T22:38:54Z] [iter=2] HEARTBEAT target_type=call_site elapsed_min=14.5 files_done=6 resolved=392 errors=424 current=torchvision/models/detection/roi_heads.py
[2026-04-09T22:43:43Z] [iter=2] HEARTBEAT target_type=call_site elapsed_min=19.3 files_done=7 resolved=542 errors=585 current=torchvision/models/detection/_utils.py
[2026-04-09T22:45:04Z] [iter=2] HEARTBEAT target_type=call_site elapsed_min=20.7 files_done=8 resolved=602 errors=630 current=torchvision/transforms/v2/functional/_misc.py
[2026-04-09T22:47:55Z] [iter=2] HEARTBEAT target_type=call_site elapsed_min=23.5 files_done=9 resolved=666 errors=725 current=test/test_image.py
[2026-04-09T22:56:02Z] [iter=2] HEARTBEAT target_type=call_site elapsed_min=31.6 files_done=10 resolved=929 errors=987 current=torchvision/models/segmentation/deeplabv3.py
[2026-04-09T22:57:35Z] [iter=2] HEARTBEAT target_type=call_site elapsed_min=33.2 files_done=11 resolved=973 errors=1038 current=torchvision/datasets/_stereo_matching.py
[2026-04-09T22:59:03Z] [iter=2] HEARTBEAT target_type=call_site elapsed_min=34.7 files_done=12 resolved=1171 errors=1085 current=test/test_backbone_utils.py
[2026-04-09T23:02:38Z] [iter=2] HEARTBEAT target_type=call_site elapsed_min=38.2 files_done=13 resolved=1218 errors=1202 current=torchvision/models/detection/anchor_utils.py
[2026-04-09T23:03:21Z] [iter=2] HEARTBEAT target_type=call_site elapsed_min=39.0 files_done=14 resolved=1278 errors=1225 current=references/depth/stereo/transforms.py
[2026-04-09T23:05:17Z] [iter=2] HEARTBEAT target_type=call_site elapsed_min=40.9 files_done=15 resolved=1403 errors=1288 current=packaging/wheel/relocate.py
[2026-04-09T23:06:32Z] [iter=2] HEARTBEAT target_type=call_site elapsed_min=42.1 files_done=16 resolved=1509 errors=1328 current=torchvision/models/detection/generalized_rcnn.py
[2026-04-09T23:07:27Z] [iter=2] HEARTBEAT target_type=call_site elapsed_min=43.1 files_done=18 resolved=1546 errors=1358 current=references/detection/coco_utils.py
[2026-04-09T23:08:37Z] [iter=2] HEARTBEAT target_type=call_site elapsed_min=44.2 files_done=19 resolved=1583 errors=1395 current=torchvision/transforms/v2/functional/_geometry.py
[2026-04-09T23:28:02Z] [iter=2] HEARTBEAT target_type=call_site elapsed_min=63.6 files_done=20 resolved=1859 errors=2028 current=references/depth/stereo/train.py
[2026-04-09T23:34:09Z] [iter=2] HEARTBEAT target_type=call_site elapsed_min=69.8 files_done=21 resolved=1956 errors=2228 current=torchvision/transforms/_functional_tensor.py
[2026-04-09T23:39:25Z] [iter=2] HEARTBEAT target_type=call_site elapsed_min=75.0 files_done=22 resolved=2167 errors=2400 current=torchvision/datasets/omniglot.py
[2026-04-09T23:41:45Z] [iter=2] HEARTBEAT target_type=call_site elapsed_min=77.4 files_done=24 resolved=2325 errors=2475 current=torchvision/datasets/dtd.py
[2026-04-09T23:42:48Z] [iter=2] HEARTBEAT target_type=call_site elapsed_min=78.4 files_done=26 resolved=2362 errors=2509 current=torchvision/ops/deform_conv.py
[2026-04-09T23:43:50Z] [iter=2] HEARTBEAT target_type=call_site elapsed_min=79.4 files_done=28 resolved=2432 errors=2543 current=torchvision/models/shufflenetv2.py
[2026-04-09T23:45:17Z] [iter=2] HEARTBEAT target_type=call_site elapsed_min=80.9 files_done=29 resolved=2480 errors=2590 current=torchvision/datasets/lfw.py
[2026-04-09T23:46:53Z] [iter=2] HEARTBEAT target_type=call_site elapsed_min=82.5 files_done=30 resolved=2516 errors=2642 current=torchvision/utils.py
[2026-04-09T23:49:55Z] [iter=2] HEARTBEAT target_type=call_site elapsed_min=85.5 files_done=31 resolved=2676 errors=2740 current=test/test_models_detection_negative_samples.py
[2026-04-09T23:51:18Z] [iter=2] HEARTBEAT target_type=call_site elapsed_min=86.9 files_done=32 resolved=2702 errors=2785 current=torchvision/transforms/v2/_geometry.py
[2026-04-09T23:53:36Z] [iter=2] HEARTBEAT target_type=call_site elapsed_min=89.2 files_done=33 resolved=2926 errors=2860 current=references/optical_flow/utils.py
[2026-04-09T23:54:43Z] [iter=2] HEARTBEAT target_type=call_site elapsed_min=90.3 files_done=34 resolved=3010 errors=2893 current=torchvision/tv_tensors/_keypoints.py
[2026-04-09T23:55:40Z] [iter=2] HEARTBEAT target_type=call_site elapsed_min=91.3 files_done=36 resolved=3052 errors=2924 current=test/test_onnx.py
[2026-04-09T23:59:25Z] [iter=2] HEARTBEAT target_type=call_site elapsed_min=95.0 files_done=37 resolved=3164 errors=3047 current=torchvision/models/squeezenet.py
[2026-04-10T00:00:38Z] [iter=2] HEARTBEAT target_type=call_site elapsed_min=96.2 files_done=38 resolved=3201 errors=3087 current=test/test_prototype_datasets_utils.py
[2026-04-10T00:02:38Z] [iter=2] HEARTBEAT target_type=call_site elapsed_min=98.2 files_done=39 resolved=3240 errors=3152 current=benchmarks/encoding_decoding.py
[2026-04-10T00:03:13Z] [iter=2] HEARTBEAT target_type=call_site elapsed_min=98.8 files_done=40 resolved=3267 errors=3171 current=test/test_prototype_transforms.py
[2026-04-10T00:05:57Z] [iter=2] HEARTBEAT target_type=call_site elapsed_min=101.6 files_done=41 resolved=3329 errors=3260 current=test/test_prototype_datasets_builtin.py
[2026-04-10T00:07:48Z] [iter=2] HEARTBEAT target_type=call_site elapsed_min=103.4 files_done=42 resolved=3382 errors=3320 current=torchvision/extension.py
[2026-04-10T00:09:34Z] [iter=2] HEARTBEAT target_type=call_site elapsed_min=105.2 files_done=44 resolved=3464 errors=3378 current=gallery/others/plot_repurposing_annotations.py
[2026-04-10T00:10:28Z] [iter=2] HEARTBEAT target_type=call_site elapsed_min=106.1 files_done=45 resolved=3492 errors=3407 current=test/common_utils.py
[2026-04-10T00:12:23Z] [iter=2] HEARTBEAT target_type=call_site elapsed_min=108.0 files_done=46 resolved=3582 errors=3469 current=test/test_datasets_download.py
[2026-04-10T00:14:01Z] [iter=2] HEARTBEAT target_type=call_site elapsed_min=109.6 files_done=47 resolved=3624 errors=3521 current=references/depth/stereo/visualization.py
[2026-04-10T00:15:35Z] [iter=2] HEARTBEAT target_type=call_site elapsed_min=111.2 files_done=48 resolved=3659 errors=3572 current=test/conftest.py
[2026-04-10T00:16:49Z] [iter=2] HEARTBEAT target_type=call_site elapsed_min=112.4 files_done=50 resolved=3714 errors=3612 current=test/test_utils.py
[2026-04-10T00:21:25Z] [iter=2] HEARTBEAT target_type=call_site elapsed_min=117.0 files_done=51 resolved=3908 errors=3761 current=torchvision/models/quantization/inception.py
[2026-04-10T00:22:56Z] [iter=2] HEARTBEAT target_type=call_site elapsed_min=118.5 files_done=52 resolved=3940 errors=3810 current=torchvision/datasets/samplers/clip_sampler.py
[2026-04-10T00:24:42Z] [iter=2] HEARTBEAT target_type=call_site elapsed_min=120.3 files_done=54 resolved=4075 errors=3867 current=test/test_prototype_models.py
[2026-04-10T00:29:31Z] [iter=2] HEARTBEAT target_type=call_site elapsed_min=125.1 files_done=56 resolved=4188 errors=4023 current=references/similarity/sampler.py
[2026-04-10T00:30:32Z] [iter=2] HEARTBEAT target_type=call_site elapsed_min=126.1 files_done=58 resolved=4223 errors=4056 current=test/test_extended_models.py
[2026-04-10T00:33:27Z] [iter=2] HEARTBEAT target_type=call_site elapsed_min=129.1 files_done=59 resolved=4254 errors=4150 current=test/test_models.py
[2026-04-10T00:40:48Z] [iter=2] HEARTBEAT target_type=call_site elapsed_min=136.4 files_done=60 resolved=4366 errors=4387 current=references/classification/train_quantization.py
[2026-04-10T00:43:03Z] [iter=2] HEARTBEAT target_type=call_site elapsed_min=138.7 files_done=61 resolved=4419 errors=4460 current=references/depth/stereo/presets.py
[2026-04-10T00:44:06Z] [iter=2] HEARTBEAT target_type=call_site elapsed_min=139.7 files_done=62 resolved=4424 errors=4494 current=torchvision/models/inception.py
[2026-04-10T00:48:27Z] [iter=2] HEARTBEAT target_type=call_site elapsed_min=144.1 files_done=63 resolved=4486 errors=4636 current=torchvision/models/_utils.py
[2026-04-10T00:49:15Z] [iter=2] HEARTBEAT target_type=call_site elapsed_min=144.9 files_done=65 resolved=4542 errors=4662 current=torchvision/models/detection/keypoint_rcnn.py
[2026-04-10T00:49:56Z] [iter=2] HEARTBEAT target_type=call_site elapsed_min=145.5 files_done=66 resolved=4566 errors=4684 current=torchvision/_meta_registrations.py
[2026-04-10T00:51:30Z] [iter=2] HEARTBEAT target_type=call_site elapsed_min=147.1 files_done=67 resolved=4593 errors=4735 current=references/video_classification/utils.py
[2026-04-10T00:52:42Z] [iter=2] HEARTBEAT target_type=call_site elapsed_min=148.3 files_done=68 resolved=4662 errors=4774 current=references/depth/stereo/utils/losses.py
[2026-04-10T00:53:53Z] [iter=2] HEARTBEAT target_type=call_site elapsed_min=149.5 files_done=69 resolved=4737 errors=4812 current=torchvision/transforms/v2/_color.py
[2026-04-10T00:54:53Z] [iter=2] HEARTBEAT target_type=call_site elapsed_min=150.5 files_done=70 resolved=4783 errors=4844 current=torchvision/datasets/sbd.py
[2026-04-10T00:55:50Z] [iter=2] HEARTBEAT target_type=call_site elapsed_min=151.4 files_done=72 resolved=4817 errors=4875 current=references/detection/train.py
[2026-04-10T00:58:13Z] [iter=2] HEARTBEAT target_type=call_site elapsed_min=153.8 files_done=73 resolved=4857 errors=4952 current=references/segmentation/coco_utils.py
[2026-04-10T00:58:47Z] [iter=2] HEARTBEAT target_type=call_site elapsed_min=154.4 files_done=74 resolved=4874 errors=4970 current=torchvision/models/quantization/shufflenetv2.py
[2026-04-10T01:00:15Z] [iter=2] HEARTBEAT target_type=call_site elapsed_min=155.9 files_done=75 resolved=4888 errors=5018 current=references/detection/utils.py
[2026-04-10T01:01:22Z] [iter=2] HEARTBEAT target_type=call_site elapsed_min=157.0 files_done=76 resolved=4961 errors=5054 current=torchvision/models/quantization/resnet.py
[2026-04-10T01:03:21Z] [iter=2] HEARTBEAT target_type=call_site elapsed_min=159.0 files_done=77 resolved=4982 errors=5119 current=references/depth/stereo/parsing.py
[2026-04-10T01:04:16Z] [iter=2] HEARTBEAT target_type=call_site elapsed_min=159.9 files_done=79 resolved=5108 errors=5149 current=references/detection/transforms.py
[2026-04-10T01:06:50Z] [iter=2] HEARTBEAT target_type=call_site elapsed_min=162.4 files_done=80 resolved=5213 errors=5232 current=torchvision/ops/ps_roi_pool.py
[2026-04-10T01:08:46Z] [iter=2] HEARTBEAT target_type=call_site elapsed_min=164.4 files_done=82 resolved=5344 errors=5295 current=torchvision/ops/roi_align.py
[2026-04-10T01:09:58Z] [iter=2] HEARTBEAT target_type=call_site elapsed_min=165.6 files_done=83 resolved=5386 errors=5334 current=torchvision/datasets/country211.py
[2026-04-10T01:12:30Z] [iter=2] HEARTBEAT target_type=call_site elapsed_min=168.1 files_done=85 resolved=5459 errors=5417 current=torchvision/datasets/celeba.py
[2026-04-10T01:13:07Z] [iter=2] HEARTBEAT target_type=call_site elapsed_min=168.7 files_done=86 resolved=5491 errors=5437 current=torchvision/datasets/folder.py
[2026-04-10T01:13:48Z] [iter=2] HEARTBEAT target_type=call_site elapsed_min=169.4 files_done=87 resolved=5522 errors=5459 current=torchvision/models/detection/retinanet.py
[2026-04-10T01:17:12Z] [iter=2] HEARTBEAT target_type=call_site elapsed_min=172.8 files_done=88 resolved=5606 errors=5569 current=torchvision/models/segmentation/lraspp.py
[2026-04-10T01:17:51Z] [iter=2] HEARTBEAT target_type=call_site elapsed_min=173.5 files_done=89 resolved=5631 errors=5590 current=torchvision/models/vgg.py
[2026-04-10T01:19:25Z] [iter=2] HEARTBEAT target_type=call_site elapsed_min=175.0 files_done=90 resolved=5671 errors=5641 current=torchvision/models/quantization/googlenet.py
[2026-04-10T01:20:31Z] [iter=2] HEARTBEAT target_type=call_site elapsed_min=176.1 files_done=91 resolved=5692 errors=5677 current=torchvision/models/optical_flow/raft.py
[2026-04-10T01:24:01Z] [iter=2] HEARTBEAT target_type=call_site elapsed_min=179.6 files_done=92 resolved=5794 errors=5790 current=torchvision/datasets/imagenet.py
[2026-04-10T01:24:46Z] [iter=2] HEARTBEAT target_type=call_site elapsed_min=180.4 files_done=93 resolved=5842 errors=5814 current=references/similarity/train.py
[2026-04-10T01:26:34Z] [iter=2] HEARTBEAT target_type=call_site elapsed_min=182.2 files_done=94 resolved=5871 errors=5872 current=test/test_tv_tensors.py
[2026-04-10T01:29:24Z] [iter=2] HEARTBEAT target_type=call_site elapsed_min=185.0 files_done=95 resolved=5944 errors=5963 current=torchvision/models/segmentation/fcn.py
[2026-04-10T01:30:12Z] [iter=2] HEARTBEAT target_type=call_site elapsed_min=185.8 files_done=96 resolved=5955 errors=5989 current=references/detection/coco_eval.py
[2026-04-10T01:31:27Z] [iter=2] HEARTBEAT target_type=call_site elapsed_min=187.1 files_done=97 resolved=5988 errors=6029 current=torchvision/io/image.py
[2026-04-10T01:32:34Z] [iter=2] HEARTBEAT target_type=call_site elapsed_min=188.2 files_done=98 resolved=6057 errors=6065 current=torchvision/datasets/coco.py
[2026-04-10T01:33:54Z] [iter=2] HEARTBEAT target_type=call_site elapsed_min=189.5 files_done=100 resolved=6142 errors=6108 current=torchvision/models/efficientnet.py
[2026-04-10T01:38:39Z] [iter=2] HEARTBEAT target_type=call_site elapsed_min=194.3 files_done=101 resolved=6207 errors=6262 current=.github/process_commit.py
[2026-04-10T01:39:29Z] [iter=2] HEARTBEAT target_type=call_site elapsed_min=195.1 files_done=103 resolved=6218 errors=6289 current=gallery/others/plot_visualization_utils.py
[2026-04-10T01:41:35Z] [iter=2] HEARTBEAT target_type=call_site elapsed_min=197.2 files_done=104 resolved=6258 errors=6357 current=references/segmentation/presets.py
[2026-04-10T01:42:30Z] [iter=2] HEARTBEAT target_type=call_site elapsed_min=198.1 files_done=105 resolved=6262 errors=6387 current=torchvision/ops/misc.py
[2026-04-10T01:43:35Z] [iter=2] HEARTBEAT target_type=call_site elapsed_min=199.2 files_done=106 resolved=6299 errors=6422 current=docs/source/conf.py
[2026-04-10T01:45:08Z] [iter=2] HEARTBEAT target_type=call_site elapsed_min=200.7 files_done=107 resolved=6336 errors=6472 current=gallery/transforms/plot_cutmix_mixup.py
[2026-04-10T01:46:32Z] [iter=2] HEARTBEAT target_type=call_site elapsed_min=202.1 files_done=109 resolved=6378 errors=6517 current=references/detection/engine.py
[2026-04-10T01:47:48Z] [iter=2] HEARTBEAT target_type=call_site elapsed_min=203.4 files_done=110 resolved=6407 errors=6558 current=torchvision/models/detection/faster_rcnn.py
[2026-04-10T01:50:02Z] [iter=2] HEARTBEAT target_type=call_site elapsed_min=205.6 files_done=111 resolved=6449 errors=6630 current=test/test_internet.py
[2026-04-10T01:51:25Z] [iter=2] HEARTBEAT target_type=call_site elapsed_min=207.0 files_done=114 resolved=6497 errors=6675 current=torchvision/datasets/kitti.py
[2026-04-10T01:52:26Z] [iter=2] HEARTBEAT target_type=call_site elapsed_min=208.0 files_done=116 resolved=6535 errors=6708 current=gallery/transforms/plot_custom_transforms.py
[2026-04-10T01:54:38Z] [iter=2] HEARTBEAT target_type=call_site elapsed_min=210.2 files_done=118 resolved=6650 errors=6779 current=torchvision/datasets/sbu.py
[2026-04-10T01:55:40Z] [iter=2] HEARTBEAT target_type=call_site elapsed_min=211.3 files_done=120 resolved=6681 errors=6813 current=torchvision/models/detection/rpn.py
[2026-04-10T01:57:25Z] [iter=2] HEARTBEAT target_type=call_site elapsed_min=213.0 files_done=121 resolved=6722 errors=6870 current=torchvision/datasets/clevr.py
[2026-04-10T01:58:37Z] [iter=2] HEARTBEAT target_type=call_site elapsed_min=214.2 files_done=123 resolved=6744 errors=6909 current=torchvision/models/quantization/mobilenetv2.py
[2026-04-10T01:59:19Z] [iter=2] HEARTBEAT target_type=call_site elapsed_min=214.9 files_done=124 resolved=6760 errors=6932 current=torchvision/models/detection/ssdlite.py
[2026-04-10T02:00:55Z] [iter=2] HEARTBEAT target_type=call_site elapsed_min=216.5 files_done=125 resolved=6803 errors=6984 current=references/optical_flow/presets.py
[2026-04-10T02:01:28Z] [iter=2] HEARTBEAT target_type=call_site elapsed_min=217.1 files_done=126 resolved=6807 errors=7002 current=torchvision/datasets/voc.py
[2026-04-10T02:02:18Z] [iter=2] HEARTBEAT target_type=call_site elapsed_min=217.9 files_done=128 resolved=6850 errors=7029 current=torchvision/ops/poolers.py
[2026-04-10T02:03:18Z] [iter=2] HEARTBEAT target_type=call_site elapsed_min=218.9 files_done=129 resolved=6896 errors=7061 current=torchvision/transforms/v2/_transform.py
[2026-04-10T02:03:57Z] [iter=2] HEARTBEAT target_type=call_site elapsed_min=219.6 files_done=130 resolved=6921 errors=7082 current=gallery/transforms/plot_tv_tensors.py
[2026-04-10T02:06:22Z] [iter=2] HEARTBEAT target_type=call_site elapsed_min=222.0 files_done=132 resolved=7016 errors=7161 current=torchvision/models/segmentation/_utils.py
[2026-04-10T02:06:56Z] [iter=2] HEARTBEAT target_type=call_site elapsed_min=222.5 files_done=134 resolved=7032 errors=7179 current=torchvision/models/detection/image_list.py
[2026-04-10T02:08:13Z] [iter=2] HEARTBEAT target_type=call_site elapsed_min=223.8 files_done=136 resolved=7057 errors=7221 current=torchvision/datasets/semeion.py
[2026-04-10T02:08:55Z] [iter=2] HEARTBEAT target_type=call_site elapsed_min=224.5 files_done=138 resolved=7092 errors=7244 current=torchvision/ops/diou_loss.py
[2026-04-10T02:09:31Z] [iter=2] HEARTBEAT target_type=call_site elapsed_min=225.1 files_done=140 resolved=7114 errors=7263 current=torchvision/datasets/svhn.py
[2026-04-10T02:10:06Z] [iter=2] HEARTBEAT target_type=call_site elapsed_min=225.7 files_done=142 resolved=7135 errors=7282 current=torchvision/datasets/caltech.py
[2026-04-10T02:10:46Z] [iter=2] HEARTBEAT target_type=call_site elapsed_min=226.4 files_done=143 resolved=7184 errors=7304 current=gallery/transforms/plot_custom_tv_tensors.py
[2026-04-10T02:11:23Z] [iter=2] HEARTBEAT target_type=call_site elapsed_min=227.0 files_done=145 resolved=7205 errors=7324 current=torchvision/datasets/moving_mnist.py
[2026-04-10T02:12:35Z] [iter=2] HEARTBEAT target_type=call_site elapsed_min=228.2 files_done=147 resolved=7231 errors=7363 current=gallery/others/plot_optical_flow.py
[2026-04-10T02:13:12Z] [iter=2] HEARTBEAT target_type=call_site elapsed_min=228.8 files_done=148 resolved=7253 errors=7383 current=torchvision/models/mobilenetv3.py
[2026-04-10T02:15:24Z] [iter=2] HEARTBEAT target_type=call_site elapsed_min=231.0 files_done=149 resolved=7290 errors=7454 current=torchvision/ops/_register_onnx_ops.py
[2026-04-10T02:15:57Z] [iter=2] HEARTBEAT target_type=call_site elapsed_min=231.6 files_done=150 resolved=7313 errors=7472 current=torchvision/datasets/vision.py
[2026-04-10T02:16:53Z] [iter=2] HEARTBEAT target_type=call_site elapsed_min=232.5 files_done=152 resolved=7339 errors=7502 current=torchvision/datasets/usps.py
[2026-04-10T02:17:41Z] [iter=2] HEARTBEAT target_type=call_site elapsed_min=233.3 files_done=154 resolved=7377 errors=7528 current=test/common_extended_utils.py
[2026-04-10T02:19:22Z] [iter=2] HEARTBEAT target_type=call_site elapsed_min=235.0 files_done=155 resolved=7410 errors=7583 current=torchvision/datasets/cityscapes.py
[2026-04-10T02:20:55Z] [iter=2] HEARTBEAT target_type=call_site elapsed_min=236.5 files_done=156 resolved=7440 errors=7633 current=scripts/download_model_urls.py
[2026-04-10T02:22:27Z] [iter=2] HEARTBEAT target_type=call_site elapsed_min=238.0 files_done=158 resolved=7505 errors=7682 current=torchvision/transforms/v2/_container.py
[2026-04-10T02:23:02Z] [iter=2] HEARTBEAT target_type=call_site elapsed_min=238.6 files_done=160 resolved=7558 errors=7701 current=gallery/transforms/plot_transforms_e2e.py
[2026-04-10T02:23:39Z] [iter=2] HEARTBEAT target_type=call_site elapsed_min=239.3 files_done=161 resolved=7580 errors=7721 current=references/detection/group_by_aspect_ratio.py
[2026-04-10T02:24:16Z] [iter=2] HEARTBEAT target_type=call_site elapsed_min=239.9 files_done=162 resolved=7637 errors=7741 current=torchvision/transforms/v2/_utils.py
[2026-04-10T02:24:25Z] [iter=2] CHECKPOINT TRIGGERED elapsed_min=240.0 files_completed=255 new_files_this_iter=162 mem_mb=1218 MB
[2026-04-10T02:24:25Z] [iter=2] Writing partial enrichment graph path=/home/runner/work/forx/forx/storage/aggregate/lsp/336d36e8db990a905498c73933e35231876e28bc.nq.gz triples=181884
[2026-04-10T02:24:29Z] [iter=2] Checkpoint written, exiting with code 7
[2026-04-10T02:24:29Z] [iter=2] PHASE END: enrich (checkpointed) elapsed_s=14402 elapsed_min=240.0 files_completed=255
